[debug] [2019-03-24T19:50:15.685Z] ----------------------------------------------------------------------
[debug] [2019-03-24T19:50:15.689Z] Command:       C:\Program Files\nodejs\node.exe C:\Users\3 Bros\AppData\Roaming\npm\node_modules\firebase-tools\lib\bin\firebase.js init
[debug] [2019-03-24T19:50:15.689Z] CLI Version:   6.5.0
[debug] [2019-03-24T19:50:15.689Z] Platform:      win32
[debug] [2019-03-24T19:50:15.689Z] Node Version:  v10.15.2
[debug] [2019-03-24T19:50:15.691Z] Time:          Mon Mar 25 2019 00:50:15 GMT+0500 (Pakistan Standard Time)
[debug] [2019-03-24T19:50:15.691Z] ----------------------------------------------------------------------
[debug] 
[debug] [2019-03-24T19:50:15.702Z] > command requires scopes: ["email","openid","https://www.googleapis.com/auth/cloudplatformprojects.readonly","https://www.googleapis.com/auth/firebase","https://www.googleapis.com/auth/cloud-platform"]
[debug] [2019-03-24T19:50:15.702Z] > authorizing via signed-in user
[info] 
     ######## #### ########  ######## ########     ###     ######  ########
     ##        ##  ##     ## ##       ##     ##  ##   ##  ##       ##
     ######    ##  ########  ######   ########  #########  ######  ######
     ##        ##  ##    ##  ##       ##     ## ##     ##       ## ##
     ##       #### ##     ## ######## ########  ##     ##  ######  ########

You're about to initialize a Firebase project in this directory:

  D:\projects\materiliaze

[error] 
[error] Error: Aborted by user.
[debug] [2019-03-24T20:08:04.547Z] ----------------------------------------------------------------------
[debug] [2019-03-24T20:08:04.551Z] Command:       C:\Program Files\nodejs\node.exe C:\Users\3 Bros\AppData\Roaming\npm\node_modules\firebase-tools\lib\bin\firebase.js login
[debug] [2019-03-24T20:08:04.552Z] CLI Version:   6.5.0
[debug] [2019-03-24T20:08:04.552Z] Platform:      win32
[debug] [2019-03-24T20:08:04.552Z] Node Version:  v10.15.2
[debug] [2019-03-24T20:08:04.553Z] Time:          Mon Mar 25 2019 01:08:04 GMT+0500 (Pakistan Standard Time)
[debug] [2019-03-24T20:08:04.553Z] ----------------------------------------------------------------------
[debug] 
[info] Already logged in as rabeearazzaq55@gmail.com
[debug] [2019-03-24T20:08:42.483Z] ----------------------------------------------------------------------
[debug] [2019-03-24T20:08:42.486Z] Command:       C:\Program Files\nodejs\node.exe C:\Users\3 Bros\AppData\Roaming\npm\node_modules\firebase-tools\lib\bin\firebase.js init
[debug] [2019-03-24T20:08:42.487Z] CLI Version:   6.5.0
[debug] [2019-03-24T20:08:42.487Z] Platform:      win32
[debug] [2019-03-24T20:08:42.487Z] Node Version:  v10.15.2
[debug] [2019-03-24T20:08:42.489Z] Time:          Mon Mar 25 2019 01:08:42 GMT+0500 (Pakistan Standard Time)
[debug] [2019-03-24T20:08:42.489Z] ----------------------------------------------------------------------
[debug] 
[debug] [2019-03-24T20:08:42.500Z] > command requires scopes: ["email","openid","https://www.googleapis.com/auth/cloudplatformprojects.readonly","https://www.googleapis.com/auth/firebase","https://www.googleapis.com/auth/cloud-platform"]
[debug] [2019-03-24T20:08:42.500Z] > authorizing via signed-in user
[info] 
     ######## #### ########  ######## ########     ###     ######  ########
     ##        ##  ##     ## ##       ##     ##  ##   ##  ##       ##
     ######    ##  ########  ######   ########  #########  ######  ######
     ##        ##  ##    ##  ##       ##     ## ##     ##       ## ##
     ##       #### ##     ## ######## ########  ##     ##  ######  ########

You're about to initialize a Firebase project in this directory:

  D:\projects\materiliaze\public

[info] 
=== Project Setup
[info] 
[info] First, let's associate this project directory with a Firebase project.
[info] You can create multiple project aliases by running firebase use --add, 
[info] but for now we'll just set up a default project.
[info] 
[debug] [2019-03-24T20:24:19.302Z] > refreshing access token with scopes: ["email","https://www.googleapis.com/auth/cloud-platform","https://www.googleapis.com/auth/cloudplatformprojects.readonly","https://www.googleapis.com/auth/firebase","openid"]
[debug] [2019-03-24T20:24:19.304Z] >>> HTTP REQUEST POST https://www.googleapis.com/oauth2/v3/token  
 <request body omitted>
[debug] [2019-03-24T20:24:19.846Z] <<< HTTP RESPONSE 200
[debug] [2019-03-24T20:24:19.888Z] >>> HTTP REQUEST GET https://firebase.googleapis.com/v1beta1/projects?page_size=100  
 
[debug] [2019-03-24T20:24:20.788Z] <<< HTTP RESPONSE 200
